[debug] [2023-06-01T19:55:26.650Z] ----------------------------------------------------------------------
[debug] [2023-06-01T19:55:26.652Z] Command:       /usr/local/bin/node /usr/local/bin/firebase login
[debug] [2023-06-01T19:55:26.653Z] CLI Version:   12.2.1
[debug] [2023-06-01T19:55:26.653Z] Platform:      linux
[debug] [2023-06-01T19:55:26.653Z] Node Version:  v16.17.0
[debug] [2023-06-01T19:55:26.655Z] Time:          Thu Jun 01 2023 19:55:26 GMT+0000 (Coordinated Universal Time)
[debug] [2023-06-01T19:55:26.655Z] ----------------------------------------------------------------------
[debug] 
[debug] [2023-06-01T19:55:26.658Z] >>> [apiv2][query] GET https://firebase-public.firebaseio.com/cli.json [none]
[info] i  Firebase optionally collects CLI and Emulator Suite usage and error reporting information to help improve our products. Data is collected in accordance with Google's privacy policy (https://policies.google.com/privacy) and is not used to identify you.
 
[debug] [2023-06-01T19:55:26.820Z] <<< [apiv2][status] GET https://firebase-public.firebaseio.com/cli.json 200
[debug] [2023-06-01T19:55:26.821Z] <<< [apiv2][body] GET https://firebase-public.firebaseio.com/cli.json {"cloudBuildErrorAfter":1594252800000,"cloudBuildWarnAfter":1590019200000,"defaultNode10After":1594252800000,"minVersion":"3.0.5","node8DeploysDisabledAfter":1613390400000,"node8RuntimeDisabledAfter":1615809600000,"node8WarnAfter":1600128000000}
[info] i  To change your data collection preference at any time, run `firebase logout` and log in again. 
[info] 
[info] Visit this URL on this device to log in:
[info] https://accounts.google.com/o/oauth2/auth?client_id=563584335869-fgrhgmd47bqnekij5i8b5pr03ho849e6.apps.googleusercontent.com&scope=email%20openid%20https%3A%2F%2Fwww.googleapis.com%2Fauth%2Fcloudplatformprojects.readonly%20https%3A%2F%2Fwww.googleapis.com%2Fauth%2Ffirebase%20https%3A%2F%2Fwww.googleapis.com%2Fauth%2Fcloud-platform&response_type=code&state=391488202&redirect_uri=http%3A%2F%2Flocalhost%3A9005
[info] 
[info] Waiting for authentication...
[debug] [2023-06-01T19:55:45.635Z] >>> [apiv2][query] POST https://auth.firebase.tools/attest [none]
[debug] [2023-06-01T19:55:45.636Z] >>> [apiv2][body] POST https://auth.firebase.tools/attest {"session_id":"8439eddf-f498-4766-99a5-ff82e85296e2"}
[debug] [2023-06-01T19:55:45.925Z] <<< [apiv2][status] POST https://auth.firebase.tools/attest 200
[debug] [2023-06-01T19:55:45.925Z] <<< [apiv2][body] POST https://auth.firebase.tools/attest {"token":"gLn3NWMkjvZ7Kv6UA-ji4vcMboYMl0lYpXkF9-XM2m8"}
[info] 
[info] To sign in to the Firebase CLI:
[info] 
[info] 1. Take note of your session ID:
[info] 
[info]    8439E
[info] 
[info] 2. Visit the URL below on any device and follow the instructions to get your code:
[info] 
[info]    https://auth.firebase.tools/login?code_challenge=xei4tQDN9I0VGwWMx3WHdwUc--5HbpoE9sLvLucAer4&session=8439eddf-f498-4766-99a5-ff82e85296e2&attest=gLn3NWMkjvZ7Kv6UA-ji4vcMboYMl0lYpXkF9-XM2m8
[info] 
[info] 3. Paste or enter the authorization code below once you have it:
[info] 
[debug] [2023-06-01T19:59:49.577Z] ----------------------------------------------------------------------
[debug] [2023-06-01T19:59:49.579Z] Command:       /usr/local/bin/node /usr/local/bin/firebase login
[debug] [2023-06-01T19:59:49.580Z] CLI Version:   12.2.1
[debug] [2023-06-01T19:59:49.580Z] Platform:      linux
[debug] [2023-06-01T19:59:49.580Z] Node Version:  v16.17.0
[debug] [2023-06-01T19:59:49.580Z] Time:          Thu Jun 01 2023 19:59:49 GMT+0000 (Coordinated Universal Time)
[debug] [2023-06-01T19:59:49.581Z] ----------------------------------------------------------------------
[debug] 
[info] i  Firebase optionally collects CLI and Emulator Suite usage and error reporting information to help improve our products. Data is collected in accordance with Google's privacy policy (https://policies.google.com/privacy) and is not used to identify you.
 
[info] i  To change your data collection preference at any time, run `firebase logout` and log in again. 
[info] 
[info] Visit this URL on this device to log in:
[info] https://accounts.google.com/o/oauth2/auth?client_id=563584335869-fgrhgmd47bqnekij5i8b5pr03ho849e6.apps.googleusercontent.com&scope=email%20openid%20https%3A%2F%2Fwww.googleapis.com%2Fauth%2Fcloudplatformprojects.readonly%20https%3A%2F%2Fwww.googleapis.com%2Fauth%2Ffirebase%20https%3A%2F%2Fwww.googleapis.com%2Fauth%2Fcloud-platform&response_type=code&state=958540346&redirect_uri=http%3A%2F%2Flocalhost%3A9005
[info] 
[info] Waiting for authentication...
[debug] [2023-06-01T20:00:01.380Z] >>> [apiv2][query] POST https://auth.firebase.tools/attest [none]
[debug] [2023-06-01T20:00:01.380Z] >>> [apiv2][body] POST https://auth.firebase.tools/attest {"session_id":"5d0f05ef-193d-4d5e-be2d-8143fa828598"}
[debug] [2023-06-01T20:00:01.637Z] <<< [apiv2][status] POST https://auth.firebase.tools/attest 200
[debug] [2023-06-01T20:00:01.637Z] <<< [apiv2][body] POST https://auth.firebase.tools/attest {"token":"lUVryHYC3BGN8VxVkJd8uASjeZ8pievOqPRVHospRxU"}
[info] 
[info] To sign in to the Firebase CLI:
[info] 
[info] 1. Take note of your session ID:
[info] 
[info]    5D0F0
[info] 
[info] 2. Visit the URL below on any device and follow the instructions to get your code:
[info] 
[info]    https://auth.firebase.tools/login?code_challenge=LEJlASwO4aAUiUhYkQ-no81YQnP7dnSjqakspTRejlU&session=5d0f05ef-193d-4d5e-be2d-8143fa828598&attest=lUVryHYC3BGN8VxVkJd8uASjeZ8pievOqPRVHospRxU
[info] 
[info] 3. Paste or enter the authorization code below once you have it:
[info] 
[debug] [2023-06-01T20:00:43.317Z] ----------------------------------------------------------------------
[debug] [2023-06-01T20:00:43.319Z] Command:       /usr/local/bin/node /usr/local/bin/firebase login
[debug] [2023-06-01T20:00:43.319Z] CLI Version:   12.2.1
[debug] [2023-06-01T20:00:43.320Z] Platform:      linux
[debug] [2023-06-01T20:00:43.320Z] Node Version:  v16.17.0
[debug] [2023-06-01T20:00:43.320Z] Time:          Thu Jun 01 2023 20:00:43 GMT+0000 (Coordinated Universal Time)
[debug] [2023-06-01T20:00:43.321Z] ----------------------------------------------------------------------
[debug] 
[info] i  Firebase optionally collects CLI and Emulator Suite usage and error reporting information to help improve our products. Data is collected in accordance with Google's privacy policy (https://policies.google.com/privacy) and is not used to identify you.
 
[info] i  To change your data collection preference at any time, run `firebase logout` and log in again. 
[info] 
[info] Visit this URL on this device to log in:
[info] https://accounts.google.com/o/oauth2/auth?client_id=563584335869-fgrhgmd47bqnekij5i8b5pr03ho849e6.apps.googleusercontent.com&scope=email%20openid%20https%3A%2F%2Fwww.googleapis.com%2Fauth%2Fcloudplatformprojects.readonly%20https%3A%2F%2Fwww.googleapis.com%2Fauth%2Ffirebase%20https%3A%2F%2Fwww.googleapis.com%2Fauth%2Fcloud-platform&response_type=code&state=674597100&redirect_uri=http%3A%2F%2Flocalhost%3A9005
[info] 
[info] Waiting for authentication...
[debug] [2023-06-01T20:00:50.247Z] >>> [apiv2][query] POST https://auth.firebase.tools/attest [none]
[debug] [2023-06-01T20:00:50.247Z] >>> [apiv2][body] POST https://auth.firebase.tools/attest {"session_id":"444831de-2fc5-4071-9846-34cdff5c85f0"}
[debug] [2023-06-01T20:00:50.524Z] <<< [apiv2][status] POST https://auth.firebase.tools/attest 200
[debug] [2023-06-01T20:00:50.524Z] <<< [apiv2][body] POST https://auth.firebase.tools/attest {"token":"kKAYukNHqk-gegABXlmcxzpMioTkA1wJW-Ak1PKSJk8"}
[info] 
[info] To sign in to the Firebase CLI:
[info] 
[info] 1. Take note of your session ID:
[info] 
[info]    44483
[info] 
[info] 2. Visit the URL below on any device and follow the instructions to get your code:
[info] 
[info]    https://auth.firebase.tools/login?code_challenge=FFLqbTqq-ETbPz00b5h2Y5-BN_UhOSBLoXxb76hJOcs&session=444831de-2fc5-4071-9846-34cdff5c85f0&attest=kKAYukNHqk-gegABXlmcxzpMioTkA1wJW-Ak1PKSJk8
[info] 
[info] 3. Paste or enter the authorization code below once you have it:
[info] 
